{
  "stats": {
    "suites": 1,
    "tests": 1,
    "passes": 0,
    "pending": 0,
    "failures": 1,
    "start": "2023-06-29T17:18:17.132Z",
    "end": "2023-06-29T17:18:32.873Z",
    "duration": 15741,
    "testsRegistered": 1,
    "passPercent": 0,
    "pendingPercent": 0,
    "other": 0,
    "hasOther": false,
    "skipped": 0,
    "hasSkipped": false
  },
  "results": [
    {
      "uuid": "37c3ca8d-82b4-4916-8e1f-e546b85b6111",
      "title": "",
      "fullFile": "C:\\Users\\AMIR RC\\Documents\\Cursos\\CodeceptJS\\qazando-automation\\features\\basic.feature",
      "file": "\\features\\basic.feature",
      "beforeHooks": [],
      "afterHooks": [],
      "tests": [],
      "suites": [
        {
          "uuid": "6230928a-fa47-489f-9a2b-1271a9651838",
          "title": "Login",
          "fullFile": "C:\\Users\\AMIR RC\\Documents\\Cursos\\CodeceptJS\\qazando-automation\\features\\basic.feature",
          "file": "\\features\\basic.feature",
          "beforeHooks": [
            {
              "title": "\"before all\" hook: codeceptjs.beforeSuite in \"Login\"",
              "fullTitle": "Login \"before all\" hook: codeceptjs.beforeSuite in \"Login\"",
              "timedOut": false,
              "duration": 1,
              "state": null,
              "speed": null,
              "pass": false,
              "fail": false,
              "pending": false,
              "context": null,
              "code": "scenario.suiteSetup(suite)",
              "err": {},
              "uuid": "073fe64a-73de-4105-afa9-088d7949364d",
              "parentUUID": "6230928a-fa47-489f-9a2b-1271a9651838",
              "isHook": true,
              "skipped": false
            },
            {
              "title": "\"before each\" hook: codeceptjs.before in \"Login\"",
              "fullTitle": "Login \"before each\" hook: codeceptjs.before in \"Login\"",
              "timedOut": false,
              "duration": 6065,
              "state": null,
              "speed": null,
              "pass": false,
              "fail": false,
              "pending": false,
              "context": null,
              "code": "scenario.setup(suite)",
              "err": {},
              "uuid": "3ff90cc3-6b54-4dcd-b061-5f4ff508bfe8",
              "parentUUID": "6230928a-fa47-489f-9a2b-1271a9651838",
              "isHook": true,
              "skipped": false
            }
          ],
          "afterHooks": [
            {
              "title": "\"after all\" hook: codeceptjs.afterSuite in \"Login\"",
              "fullTitle": "Login \"after all\" hook: codeceptjs.afterSuite in \"Login\"",
              "timedOut": false,
              "duration": 0,
              "state": null,
              "speed": null,
              "pass": false,
              "fail": false,
              "pending": false,
              "context": null,
              "code": "scenario.suiteTeardown(suite)",
              "err": {},
              "uuid": "c6cb2ef9-dbe4-490d-bcd8-ea20c62f5c8b",
              "parentUUID": "6230928a-fa47-489f-9a2b-1271a9651838",
              "isHook": true,
              "skipped": false
            },
            {
              "title": "\"after each\" hook: codeceptjs.after in \"Login\"",
              "fullTitle": "Login \"after each\" hook: codeceptjs.after in \"Login\"",
              "timedOut": false,
              "duration": 92,
              "state": null,
              "speed": null,
              "pass": false,
              "fail": false,
              "pending": false,
              "context": null,
              "code": "scenario.teardown(suite)",
              "err": {},
              "uuid": "415f9257-ae1e-4aa2-b80c-0d365585b769",
              "parentUUID": "6230928a-fa47-489f-9a2b-1271a9651838",
              "isHook": true,
              "skipped": false
            }
          ],
          "tests": [
            {
              "title": "Login with success",
              "fullTitle": "Login Login with success",
              "timedOut": false,
              "duration": 9579,
              "state": "failed",
              "speed": null,
              "pass": false,
              "fail": true,
              "pending": false,
              "context": null,
              "code": "runSteps(child.scenario.steps)",
              "err": {
                "message": "Error: element (~salvar) still not present on page after 5 sec",
                "estack": "Error: element (~salvar) still not present on page after 5 sec\n    at file:///C:/Users/AMIR%20RC/Documents/Cursos/CodeceptJS/qazando-automation/node_modules/webdriverio/build/commands/browser/waitUntil.js:39:23\n    at async Browser.wrapCommandFn (file:///C:/Users/AMIR%20RC/Documents/Cursos/CodeceptJS/qazando-automation/node_modules/@wdio/utils/build/shim.js:72:29)",
                "diff": null
              },
              "uuid": "e317b90e-b154-4a05-80c4-977aaa3e8e8c",
              "parentUUID": "6230928a-fa47-489f-9a2b-1271a9651838",
              "isHook": false,
              "skipped": false
            }
          ],
          "suites": [],
          "passes": [],
          "failures": [
            "e317b90e-b154-4a05-80c4-977aaa3e8e8c"
          ],
          "pending": [],
          "skipped": [],
          "duration": 9579,
          "root": false,
          "rootEmpty": false,
          "_timeout": 0
        }
      ],
      "passes": [],
      "failures": [],
      "pending": [],
      "skipped": [],
      "duration": 0,
      "root": true,
      "rootEmpty": true,
      "_timeout": 0
    }
  ],
  "meta": {
    "mocha": {
      "version": "10.2.0"
    },
    "mochawesome": {
      "options": {
        "quiet": false,
        "reportFilename": "mochawesome",
        "saveHtml": true,
        "saveJson": true,
        "consoleReporter": "spec",
        "useInlineDiffs": false,
        "code": true
      },
      "version": "7.1.3"
    },
    "marge": {
      "options": {},
      "version": "6.2.0"
    }
  }
}